#
# There is insufficient memory for the Java Runtime Environment to continue.
# Native memory allocation (malloc) failed to allocate 827056 bytes. Error detail: Chunk::new
# Possible reasons:
#   The system is out of physical RAM or swap space
#   This process is running with CompressedOops enabled, and the Java Heap may be blocking the growth of the native heap
# Possible solutions:
#   Reduce memory load on the system
#   Increase physical memory or swap space
#   Check if swap backing store is full
#   Decrease Java heap size (-Xmx/-Xms)
#   Decrease number of Java threads
#   Decrease Java thread stack sizes (-Xss)
#   Set larger code cache with -XX:ReservedCodeCacheSize=
#   JVM is running with Zero Based Compressed Oops mode in which the Java heap is
#     placed in the first 32GB address space. The Java Heap base address is the
#     maximum limit for the native heap growth. Please use -XX:HeapBaseMinAddress
#     to set the Java Heap base and to place the Java Heap above 32GB virtual address.
# This output file may be truncated or incomplete.
#
#  Out of Memory Error (arena.cpp:168), pid=34692, tid=5756
#
# JRE version: OpenJDK Runtime Environment JBR-21.0.4+13-509.17-jcef (21.0.4+13) (build 21.0.4+13-b509.17)
# Java VM: OpenJDK 64-Bit Server VM JBR-21.0.4+13-509.17-jcef (21.0.4+13-b509.17, mixed mode, tiered, compressed oops, compressed class ptrs, g1 gc, windows-amd64)
# No core dump will be written. Minidumps are not enabled by default on client versions of Windows
#

---------------  S U M M A R Y ------------

Command Line: git4idea.http.GitAskPassApp Username for 'https://github.com': 

Host: Intel(R) Core(TM) i5-10300H CPU @ 2.50GHz, 8 cores, 15G,  Windows 10 , 64 bit Build 19041 (10.0.19041.4842)
Time: Tue Oct  8 11:54:33 2024 Hora de verano romance elapsed time: 0.498108 seconds (0d 0h 0m 0s)

---------------  T H R E A D  ---------------

Current thread (0x000001b5b855dbf0):  JavaThread "C2 CompilerThread0" daemon [_thread_in_native, id=5756, stack(0x0000008656c00000,0x0000008656d00000) (1024K)]


Current CompileTask:
C2:    498 1077       4       sun.security.ec.ECOperations::setDouble (463 bytes)

Stack: [0x0000008656c00000,0x0000008656d00000]
Native frames: (J=compiled Java code, j=interpreted, Vv=VM code, C=native code)
V  [jvm.dll+0x6e36d9]
V  [jvm.dll+0x8c0bd3]
V  [jvm.dll+0x8c312e]
V  [jvm.dll+0x8c3813]
V  [jvm.dll+0x288256]
V  [jvm.dll+0xc613d]
V  [jvm.dll+0xc6673]
V  [jvm.dll+0x2fda81]
V  [jvm.dll+0x60acc9]
V  [jvm.dll+0x258b52]
V  [jvm.dll+0x258f0f]
V  [jvm.dll+0x2517e5]
V  [jvm.dll+0x24f03e]
V  [jvm.dll+0x1cd074]
V  [jvm.dll+0x25e88c]
V  [jvm.dll+0x25cdd6]
V  [jvm.dll+0x3fdff6]
V  [jvm.dll+0x868868]
V  [jvm.dll+0x6e1edd]
C  [ucrtbase.dll+0x21bb2]
C  [KERNEL32.DLL+0x17374]
C  [ntdll.dll+0x4cc91]


---------------  P R O C E S S  ---------------

Threads class SMR info:
_java_thread_list=0x000001b5bd373e40, length=16, elements={
0x000001b59b613d20, 0x000001b5b84f6300, 0x000001b5b852c320, 0x000001b5b8558dc0,
0x000001b5b8559820, 0x000001b5b855a280, 0x000001b5b855ace0, 0x000001b5b855dbf0,
0x000001b5b855f3d0, 0x000001b5b86f8370, 0x000001b5b870d520, 0x000001b5bd33ed40,
0x000001b5bd37ba60, 0x000001b5bd4363a0, 0x000001b5bd3ab560, 0x000001b5bd3b6040
}

Java Threads: ( => current thread )
  0x000001b59b613d20 JavaThread "main"                              [_thread_blocked, id=31756, stack(0x0000008655e00000,0x0000008655f00000) (1024K)]
  0x000001b5b84f6300 JavaThread "Reference Handler"          daemon [_thread_blocked, id=17292, stack(0x0000008656600000,0x0000008656700000) (1024K)]
  0x000001b5b852c320 JavaThread "Finalizer"                  daemon [_thread_blocked, id=34916, stack(0x0000008656700000,0x0000008656800000) (1024K)]
  0x000001b5b8558dc0 JavaThread "Signal Dispatcher"          daemon [_thread_blocked, id=36340, stack(0x0000008656800000,0x0000008656900000) (1024K)]
  0x000001b5b8559820 JavaThread "Attach Listener"            daemon [_thread_blocked, id=7348, stack(0x0000008656900000,0x0000008656a00000) (1024K)]
  0x000001b5b855a280 JavaThread "Service Thread"             daemon [_thread_blocked, id=36128, stack(0x0000008656a00000,0x0000008656b00000) (1024K)]
  0x000001b5b855ace0 JavaThread "Monitor Deflation Thread"   daemon [_thread_blocked, id=12448, stack(0x0000008656b00000,0x0000008656c00000) (1024K)]
=>0x000001b5b855dbf0 JavaThread "C2 CompilerThread0"         daemon [_thread_in_native, id=5756, stack(0x0000008656c00000,0x0000008656d00000) (1024K)]
  0x000001b5b855f3d0 JavaThread "C1 CompilerThread0"         daemon [_thread_in_native, id=17244, stack(0x0000008656d00000,0x0000008656e00000) (1024K)]
  0x000001b5b86f8370 JavaThread "Notification Thread"        daemon [_thread_blocked, id=32240, stack(0x0000008656e00000,0x0000008656f00000) (1024K)]
  0x000001b5b870d520 JavaThread "Common-Cleaner"             daemon [_thread_blocked, id=23696, stack(0x0000008656f00000,0x0000008657000000) (1024K)]
  0x000001b5bd33ed40 JavaThread "HttpClient-1-SelectorManager" daemon [_thread_in_native, id=29248, stack(0x0000008657000000,0x0000008657100000) (1024K)]
  0x000001b5bd37ba60 JavaThread "HttpClient-1-Worker-0"      daemon [_thread_in_vm, id=31120, stack(0x0000008657200000,0x0000008657300000) (1024K)]
  0x000001b5bd4363a0 JavaThread "HttpClient-1-Worker-1"      daemon [_thread_blocked, id=7476, stack(0x0000008657300000,0x0000008657400000) (1024K)]
  0x000001b5bd3ab560 JavaThread "C2 CompilerThread1"         daemon [_thread_blocked, id=9224, stack(0x0000008657400000,0x0000008657500000) (1024K)]
  0x000001b5bd3b6040 JavaThread "C2 CompilerThread2"         daemon [_thread_blocked, id=4388, stack(0x0000008657500000,0x0000008657600000) (1024K)]
Total: 16

Other Threads:
  0x000001b5b838e810 VMThread "VM Thread"                           [id=24880, stack(0x0000008656500000,0x0000008656600000) (1024K)]
  0x000001b5b83012f0 WatcherThread "VM Periodic Task Thread"        [id=35184, stack(0x0000008656400000,0x0000008656500000) (1024K)]
  0x000001b59d7c5340 WorkerThread "GC Thread#0"                     [id=2896, stack(0x0000008655f00000,0x0000008656000000) (1024K)]
  0x000001b59d7d6160 ConcurrentGCThread "G1 Main Marker"            [id=21716, stack(0x0000008656000000,0x0000008656100000) (1024K)]
  0x000001b59d7d7310 WorkerThread "G1 Conc#0"                       [id=10788, stack(0x0000008656100000,0x0000008656200000) (1024K)]
  0x000001b59d82ead0 ConcurrentGCThread "G1 Refine#0"               [id=9128, stack(0x0000008656200000,0x0000008656300000) (1024K)]
  0x000001b5b81d67e0 ConcurrentGCThread "G1 Service"                [id=1464, stack(0x0000008656300000,0x0000008656400000) (1024K)]
Total: 7

Threads with active compile tasks:
C2 CompilerThread0      518 1077       4       sun.security.ec.ECOperations::setDouble (463 bytes)
Total: 1

VM state: not at safepoint (normal execution)

VM Mutex/Monitor currently owned by a thread: None

Heap address: 0x0000000702800000, size: 4056 MB, Compressed Oops mode: Zero based, Oop shift amount: 3

CDS archive(s) not mapped
Compressed class space mapped at: 0x0000000800000000-0x0000000840000000, reserved size: 1073741824
Narrow klass base: 0x0000000800000000, Narrow klass shift: 0, Narrow klass range: 0x40000000

GC Precious Log:
 CardTable entry size: 512
 Card Set container configuration: InlinePtr #cards 4 size 8 Array Of Cards #cards 16 size 48 Howl #buckets 8 coarsen threshold 3686 Howl Bitmap #cards 512 size 80 coarsen threshold 460 Card regions per heap region 1 cards per card region 4096
 CPUs: 8 total, 8 available
 Memory: 16221M
 Large Page Support: Disabled
 NUMA Support: Disabled
 Compressed Oops: Enabled (Zero based)
 Heap Region Size: 2M
 Heap Min Capacity: 8M
 Heap Initial Capacity: 254M
 Heap Max Capacity: 4056M
 Pre-touch: Disabled
 Parallel Workers: 8
 Concurrent Workers: 2
 Concurrent Refinement Workers: 8
 Periodic GC: Disabled

Heap:
 garbage-first heap   total 260096K, used 16384K [0x0000000702800000, 0x0000000800000000)
  region size 2048K, 9 young (18432K), 0 survivors (0K)
 Metaspace       used 18009K, committed 18304K, reserved 1114112K
  class space    used 1773K, committed 1920K, reserved 1048576K

Heap Regions: E=young(eden), S=young(survivor), O=old, HS=humongous(starts), HC=humongous(continues), CS=collection set, F=free, TAMS=top-at-mark-start, PB=parsable bottom
|   0|0x0000000702800000, 0x0000000702800000, 0x0000000702a00000|  0%| F|  |TAMS 0x0000000702800000| PB 0x0000000702800000| Untracked 
|   1|0x0000000702a00000, 0x0000000702a00000, 0x0000000702c00000|  0%| F|  |TAMS 0x0000000702a00000| PB 0x0000000702a00000| Untracked 
|   2|0x0000000702c00000, 0x0000000702c00000, 0x0000000702e00000|  0%| F|  |TAMS 0x0000000702c00000| PB 0x0000000702c00000| Untracked 
|   3|0x0000000702e00000, 0x0000000702e00000, 0x0000000703000000|  0%| F|  |TAMS 0x0000000702e00000| PB 0x0000000702e00000| Untracked 
|   4|0x0000000703000000, 0x0000000703000000, 0x0000000703200000|  0%| F|  |TAMS 0x0000000703000000| PB 0x0000000703000000| Untracked 
|   5|0x0000000703200000, 0x0000000703200000, 0x0000000703400000|  0%| F|  |TAMS 0x0000000703200000| PB 0x0000000703200000| Untracked 
|   6|0x0000000703400000, 0x0000000703400000, 0x0000000703600000|  0%| F|  |TAMS 0x0000000703400000| PB 0x0000000703400000| Untracked 
|   7|0x0000000703600000, 0x0000000703600000, 0x0000000703800000|  0%| F|  |TAMS 0x0000000703600000| PB 0x0000000703600000| Untracked 
|   8|0x0000000703800000, 0x0000000703800000, 0x0000000703a00000|  0%| F|  |TAMS 0x0000000703800000| PB 0x0000000703800000| Untracked 
|   9|0x0000000703a00000, 0x0000000703a00000, 0x0000000703c00000|  0%| F|  |TAMS 0x0000000703a00000| PB 0x0000000703a00000| Untracked 
|  10|0x0000000703c00000, 0x0000000703c00000, 0x0000000703e00000|  0%| F|  |TAMS 0x0000000703c00000| PB 0x0000000703c00000| Untracked 
|  11|0x0000000703e00000, 0x0000000703e00000, 0x0000000704000000|  0%| F|  |TAMS 0x0000000703e00000| PB 0x0000000703e00000| Untracked 
|  12|0x0000000704000000, 0x0000000704000000, 0x0000000704200000|  0%| F|  |TAMS 0x0000000704000000| PB 0x0000000704000000| Untracked 
|  13|0x0000000704200000, 0x0000000704200000, 0x0000000704400000|  0%| F|  |TAMS 0x0000000704200000| PB 0x0000000704200000| Untracked 
|  14|0x0000000704400000, 0x0000000704400000, 0x0000000704600000|  0%| F|  |TAMS 0x0000000704400000| PB 0x0000000704400000| Untracked 
|  15|0x0000000704600000, 0x0000000704600000, 0x0000000704800000|  0%| F|  |TAMS 0x0000000704600000| PB 0x0000000704600000| Untracked 
|  16|0x0000000704800000, 0x0000000704800000, 0x0000000704a00000|  0%| F|  |TAMS 0x0000000704800000| PB 0x0000000704800000| Untracked 
|  17|0x0000000704a00000, 0x0000000704a00000, 0x0000000704c00000|  0%| F|  |TAMS 0x0000000704a00000| PB 0x0000000704a00000| Untracked 
|  18|0x0000000704c00000, 0x0000000704c00000, 0x0000000704e00000|  0%| F|  |TAMS 0x0000000704c00000| PB 0x0000000704c00000| Untracked 
|  19|0x0000000704e00000, 0x0000000704e00000, 0x0000000705000000|  0%| F|  |TAMS 0x0000000704e00000| PB 0x0000000704e00000| Untracked 
|  20|0x0000000705000000, 0x0000000705000000, 0x0000000705200000|  0%| F|  |TAMS 0x0000000705000000| PB 0x0000000705000000| Untracked 
|  21|0x0000000705200000, 0x0000000705200000, 0x0000000705400000|  0%| F|  |TAMS 0x0000000705200000| PB 0x0000000705200000| Untracked 
|  22|0x0000000705400000, 0x0000000705400000, 0x0000000705600000|  0%| F|  |TAMS 0x0000000705400000| PB 0x0000000705400000| Untracked 
|  23|0x0000000705600000, 0x0000000705600000, 0x0000000705800000|  0%| F|  |TAMS 0x0000000705600000| PB 0x0000000705600000| Untracked 
|  24|0x0000000705800000, 0x0000000705800000, 0x0000000705a00000|  0%| F|  |TAMS 0x0000000705800000| PB 0x0000000705800000| Untracked 
|  25|0x0000000705a00000, 0x0000000705a00000, 0x0000000705c00000|  0%| F|  |TAMS 0x0000000705a00000| PB 0x0000000705a00000| Untracked 
|  26|0x0000000705c00000, 0x0000000705c00000, 0x0000000705e00000|  0%| F|  |TAMS 0x0000000705c00000| PB 0x0000000705c00000| Untracked 
|  27|0x0000000705e00000, 0x0000000705e00000, 0x0000000706000000|  0%| F|  |TAMS 0x0000000705e00000| PB 0x0000000705e00000| Untracked 
|  28|0x0000000706000000, 0x0000000706000000, 0x0000000706200000|  0%| F|  |TAMS 0x0000000706000000| PB 0x0000000706000000| Untracked 
|  29|0x0000000706200000, 0x0000000706200000, 0x0000000706400000|  0%| F|  |TAMS 0x0000000706200000| PB 0x0000000706200000| Untracked 
|  30|0x0000000706400000, 0x0000000706400000, 0x0000000706600000|  0%| F|  |TAMS 0x0000000706400000| PB 0x0000000706400000| Untracked 
|  31|0x0000000706600000, 0x0000000706600000, 0x0000000706800000|  0%| F|  |TAMS 0x0000000706600000| PB 0x0000000706600000| Untracked 
|  32|0x0000000706800000, 0x0000000706800000, 0x0000000706a00000|  0%| F|  |TAMS 0x0000000706800000| PB 0x0000000706800000| Untracked 
|  33|0x0000000706a00000, 0x0000000706a00000, 0x0000000706c00000|  0%| F|  |TAMS 0x0000000706a00000| PB 0x0000000706a00000| Untracked 
|  34|0x0000000706c00000, 0x0000000706c00000, 0x0000000706e00000|  0%| F|  |TAMS 0x0000000706c00000| PB 0x0000000706c00000| Untracked 
|  35|0x0000000706e00000, 0x0000000706e00000, 0x0000000707000000|  0%| F|  |TAMS 0x0000000706e00000| PB 0x0000000706e00000| Untracked 
|  36|0x0000000707000000, 0x0000000707000000, 0x0000000707200000|  0%| F|  |TAMS 0x0000000707000000| PB 0x0000000707000000| Untracked 
|  37|0x0000000707200000, 0x0000000707200000, 0x0000000707400000|  0%| F|  |TAMS 0x0000000707200000| PB 0x0000000707200000| Untracked 
|  38|0x0000000707400000, 0x0000000707400000, 0x0000000707600000|  0%| F|  |TAMS 0x0000000707400000| PB 0x0000000707400000| Untracked 
|  39|0x0000000707600000, 0x0000000707600000, 0x0000000707800000|  0%| F|  |TAMS 0x0000000707600000| PB 0x0000000707600000| Untracked 
|  40|0x0000000707800000, 0x0000000707800000, 0x0000000707a00000|  0%| F|  |TAMS 0x0000000707800000| PB 0x0000000707800000| Untracked 
|  41|0x0000000707a00000, 0x0000000707a00000, 0x0000000707c00000|  0%| F|  |TAMS 0x0000000707a00000| PB 0x0000000707a00000| Untracked 
|  42|0x0000000707c00000, 0x0000000707c00000, 0x0000000707e00000|  0%| F|  |TAMS 0x0000000707c00000| PB 0x0000000707c00000| Untracked 
|  43|0x0000000707e00000, 0x0000000707e00000, 0x0000000708000000|  0%| F|  |TAMS 0x0000000707e00000| PB 0x0000000707e00000| Untracked 
|  44|0x0000000708000000, 0x0000000708000000, 0x0000000708200000|  0%| F|  |TAMS 0x0000000708000000| PB 0x0000000708000000| Untracked 
|  45|0x0000000708200000, 0x0000000708200000, 0x0000000708400000|  0%| F|  |TAMS 0x0000000708200000| PB 0x0000000708200000| Untracked 
|  46|0x0000000708400000, 0x0000000708400000, 0x0000000708600000|  0%| F|  |TAMS 0x0000000708400000| PB 0x0000000708400000| Untracked 
|  47|0x0000000708600000, 0x0000000708600000, 0x0000000708800000|  0%| F|  |TAMS 0x0000000708600000| PB 0x0000000708600000| Untracked 
|  48|0x0000000708800000, 0x0000000708800000, 0x0000000708a00000|  0%| F|  |TAMS 0x0000000708800000| PB 0x0000000708800000| Untracked 
|  49|0x0000000708a00000, 0x0000000708a00000, 0x0000000708c00000|  0%| F|  |TAMS 0x0000000708a00000| PB 0x0000000708a00000| Untracked 
|  50|0x0000000708c00000, 0x0000000708c00000, 0x0000000708e00000|  0%| F|  |TAMS 0x0000000708c00000| PB 0x0000000708c00000| Untracked 
|  51|0x0000000708e00000, 0x0000000708e00000, 0x0000000709000000|  0%| F|  |TAMS 0x0000000708e00000| PB 0x0000000708e00000| Untracked 
|  52|0x0000000709000000, 0x0000000709000000, 0x0000000709200000|  0%| F|  |TAMS 0x0000000709000000| PB 0x0000000709000000| Untracked 
|  53|0x0000000709200000, 0x0000000709200000, 0x0000000709400000|  0%| F|  |TAMS 0x0000000709200000| PB 0x0000000709200000| Untracked 
|  54|0x0000000709400000, 0x0000000709400000, 0x0000000709600000|  0%| F|  |TAMS 0x0000000709400000| PB 0x0000000709400000| Untracked 
|  55|0x0000000709600000, 0x0000000709600000, 0x0000000709800000|  0%| F|  |TAMS 0x0000000709600000| PB 0x0000000709600000| Untracked 
|  56|0x0000000709800000, 0x0000000709800000, 0x0000000709a00000|  0%| F|  |TAMS 0x0000000709800000| PB 0x0000000709800000| Untracked 
|  57|0x0000000709a00000, 0x0000000709a00000, 0x0000000709c00000|  0%| F|  |TAMS 0x0000000709a00000| PB 0x0000000709a00000| Untracked 
|  58|0x0000000709c00000, 0x0000000709c00000, 0x0000000709e00000|  0%| F|  |TAMS 0x0000000709c00000| PB 0x0000000709c00000| Untracked 
|  59|0x0000000709e00000, 0x0000000709e00000, 0x000000070a000000|  0%| F|  |TAMS 0x0000000709e00000| PB 0x0000000709e00000| Untracked 
|  60|0x000000070a000000, 0x000000070a000000, 0x000000070a200000|  0%| F|  |TAMS 0x000000070a000000| PB 0x000000070a000000| Untracked 
|  61|0x000000070a200000, 0x000000070a200000, 0x000000070a400000|  0%| F|  |TAMS 0x000000070a200000| PB 0x000000070a200000| Untracked 
|  62|0x000000070a400000, 0x000000070a400000, 0x000000070a600000|  0%| F|  |TAMS 0x000000070a400000| PB 0x000000070a400000| Untracked 
|  63|0x000000070a600000, 0x000000070a600000, 0x000000070a800000|  0%| F|  |TAMS 0x000000070a600000| PB 0x000000070a600000| Untracked 
|  64|0x000000070a800000, 0x000000070a800000, 0x000000070aa00000|  0%| F|  |TAMS 0x000000070a800000| PB 0x000000070a800000| Untracked 
|  65|0x000000070aa00000, 0x000000070aa00000, 0x000000070ac00000|  0%| F|  |TAMS 0x000000070aa00000| PB 0x000000070aa00000| Untracked 
|  66|0x000000070ac00000, 0x000000070ac00000, 0x000000070ae00000|  0%| F|  |TAMS 0x000000070ac00000| PB 0x000000070ac00000| Untracked 
|  67|0x000000070ae00000, 0x000000070ae00000, 0x000000070b000000|  0%| F|  |TAMS 0x000000070ae00000| PB 0x000000070ae00000| Untracked 
|  68|0x000000070b000000, 0x000000070b000000, 0x000000070b200000|  0%| F|  |TAMS 0x000000070b000000| PB 0x000000070b000000| Untracked 
|  69|0x000000070b200000, 0x000000070b200000, 0x000000070b400000|  0%| F|  |TAMS 0x000000070b200000| PB 0x000000070b200000| Untracked 
|  70|0x000000070b400000, 0x000000070b400000, 0x000000070b600000|  0%| F|  |TAMS 0x000000070b400000| PB 0x000000070b400000| Untracked 
|  71|0x000000070b600000, 0x000000070b600000, 0x000000070b800000|  0%| F|  |TAMS 0x000000070b600000| PB 0x000000070b600000| Untracked 
|  72|0x000000070b800000, 0x000000070b800000, 0x000000070ba00000|  0%| F|  |TAMS 0x000000070b800000| PB 0x000000070b800000| Untracked 
|  73|0x000000070ba00000, 0x000000070ba00000, 0x000000070bc00000|  0%| F|  |TAMS 0x000000070ba00000| PB 0x000000070ba00000| Untracked 
|  74|0x000000070bc00000, 0x000000070bc00000, 0x000000070be00000|  0%| F|  |TAMS 0x000000070bc00000| PB 0x000000070bc00000| Untracked 
|  75|0x000000070be00000, 0x000000070be00000, 0x000000070c000000|  0%| F|  |TAMS 0x000000070be00000| PB 0x000000070be00000| Untracked 
|  76|0x000000070c000000, 0x000000070c000000, 0x000000070c200000|  0%| F|  |TAMS 0x000000070c000000| PB 0x000000070c000000| Untracked 
|  77|0x000000070c200000, 0x000000070c200000, 0x000000070c400000|  0%| F|  |TAMS 0x000000070c200000| PB 0x000000070c200000| Untracked 
|  78|0x000000070c400000, 0x000000070c400000, 0x000000070c600000|  0%| F|  |TAMS 0x000000070c400000| PB 0x000000070c400000| Untracked 
|  79|0x000000070c600000, 0x000000070c600000, 0x000000070c800000|  0%| F|  |TAMS 0x000000070c600000| PB 0x000000070c600000| Untracked 
|  80|0x000000070c800000, 0x000000070c800000, 0x000000070ca00000|  0%| F|  |TAMS 0x000000070c800000| PB 0x000000070c800000| Untracked 
|  81|0x000000070ca00000, 0x000000070ca00000, 0x000000070cc00000|  0%| F|  |TAMS 0x000000070ca00000| PB 0x000000070ca00000| Untracked 
|  82|0x000000070cc00000, 0x000000070cc00000, 0x000000070ce00000|  0%| F|  |TAMS 0x000000070cc00000| PB 0x000000070cc00000| Untracked 
|  83|0x000000070ce00000, 0x000000070ce00000, 0x000000070d000000|  0%| F|  |TAMS 0x000000070ce00000| PB 0x000000070ce00000| Untracked 
|  84|0x000000070d000000, 0x000000070d000000, 0x000000070d200000|  0%| F|  |TAMS 0x000000070d000000| PB 0x000000070d000000| Untracked 
|  85|0x000000070d200000, 0x000000070d200000, 0x000000070d400000|  0%| F|  |TAMS 0x000000070d200000| PB 0x000000070d200000| Untracked 
|  86|0x000000070d400000, 0x000000070d400000, 0x000000070d600000|  0%| F|  |TAMS 0x000000070d400000| PB 0x000000070d400000| Untracked 
|  87|0x000000070d600000, 0x000000070d600000, 0x000000070d800000|  0%| F|  |TAMS 0x000000070d600000| PB 0x000000070d600000| Untracked 
|  88|0x000000070d800000, 0x000000070d800000, 0x000000070da00000|  0%| F|  |TAMS 0x000000070d800000| PB 0x000000070d800000| Untracked 
|  89|0x000000070da00000, 0x000000070da00000, 0x000000070dc00000|  0%| F|  |TAMS 0x000000070da00000| PB 0x000000070da00000| Untracked 
|  90|0x000000070dc00000, 0x000000070dc00000, 0x000000070de00000|  0%| F|  |TAMS 0x000000070dc00000| PB 0x000000070dc00000| Untracked 
|  91|0x000000070de00000, 0x000000070de00000, 0x000000070e000000|  0%| F|  |TAMS 0x000000070de00000| PB 0x000000070de00000| Untracked 
|  92|0x000000070e000000, 0x000000070e000000, 0x000000070e200000|  0%| F|  |TAMS 0x000000070e000000| PB 0x000000070e000000| Untracked 
|  93|0x000000070e200000, 0x000000070e200000, 0x000000070e400000|  0%| F|  |TAMS 0x000000070e200000| PB 0x000000070e200000| Untracked 
|  94|0x000000070e400000, 0x000000070e400000, 0x000000070e600000|  0%| F|  |TAMS 0x000000070e400000| PB 0x000000070e400000| Untracked 
|  95|0x000000070e600000, 0x000000070e600000, 0x000000070e800000|  0%| F|  |TAMS 0x000000070e600000| PB 0x000000070e600000| Untracked 
|  96|0x000000070e800000, 0x000000070e800000, 0x000000070ea00000|  0%| F|  |TAMS 0x000000070e800000| PB 0x000000070e800000| Untracked 
|  97|0x000000070ea00000, 0x000000070ea00000, 0x000000070ec00000|  0%| F|  |TAMS 0x000000070ea00000| PB 0x000000070ea00000| Untracked 
|  98|0x000000070ec00000, 0x000000070ec00000, 0x000000070ee00000|  0%| F|  |TAMS 0x000000070ec00000| PB 0x000000070ec00000| Untracked 
|  99|0x000000070ee00000, 0x000000070ee00000, 0x000000070f000000|  0%| F|  |TAMS 0x000000070ee00000| PB 0x000000070ee00000| Untracked 
| 100|0x000000070f000000, 0x000000070f000000, 0x000000070f200000|  0%| F|  |TAMS 0x000000070f000000| PB 0x000000070f000000| Untracked 
| 101|0x000000070f200000, 0x000000070f200000, 0x000000070f400000|  0%| F|  |TAMS 0x000000070f200000| PB 0x000000070f200000| Untracked 
| 102|0x000000070f400000, 0x000000070f400000, 0x000000070f600000|  0%| F|  |TAMS 0x000000070f400000| PB 0x000000070f400000| Untracked 
| 103|0x000000070f600000, 0x000000070f600000, 0x000000070f800000|  0%| F|  |TAMS 0x000000070f600000| PB 0x000000070f600000| Untracked 
| 104|0x000000070f800000, 0x000000070f800000, 0x000000070fa00000|  0%| F|  |TAMS 0x000000070f800000| PB 0x000000070f800000| Untracked 
| 105|0x000000070fa00000, 0x000000070fa00000, 0x000000070fc00000|  0%| F|  |TAMS 0x000000070fa00000| PB 0x000000070fa00000| Untracked 
| 106|0x000000070fc00000, 0x000000070fc00000, 0x000000070fe00000|  0%| F|  |TAMS 0x000000070fc00000| PB 0x000000070fc00000| Untracked 
| 107|0x000000070fe00000, 0x000000070fe00000, 0x0000000710000000|  0%| F|  |TAMS 0x000000070fe00000| PB 0x000000070fe00000| Untracked 
| 108|0x0000000710000000, 0x0000000710000000, 0x0000000710200000|  0%| F|  |TAMS 0x0000000710000000| PB 0x0000000710000000| Untracked 
| 109|0x0000000710200000, 0x0000000710200000, 0x0000000710400000|  0%| F|  |TAMS 0x0000000710200000| PB 0x0000000710200000| Untracked 
| 110|0x0000000710400000, 0x0000000710400000, 0x0000000710600000|  0%| F|  |TAMS 0x0000000710400000| PB 0x0000000710400000| Untracked 
| 111|0x0000000710600000, 0x0000000710600000, 0x0000000710800000|  0%| F|  |TAMS 0x0000000710600000| PB 0x0000000710600000| Untracked 
| 112|0x0000000710800000, 0x0000000710800000, 0x0000000710a00000|  0%| F|  |TAMS 0x0000000710800000| PB 0x0000000710800000| Untracked 
| 113|0x0000000710a00000, 0x0000000710a00000, 0x0000000710c00000|  0%| F|  |TAMS 0x0000000710a00000| PB 0x0000000710a00000| Untracked 
| 114|0x0000000710c00000, 0x0000000710c00000, 0x0000000710e00000|  0%| F|  |TAMS 0x0000000710c00000| PB 0x0000000710c00000| Untracked 
| 115|0x0000000710e00000, 0x0000000710e00000, 0x0000000711000000|  0%| F|  |TAMS 0x0000000710e00000| PB 0x0000000710e00000| Untracked 
| 116|0x0000000711000000, 0x0000000711000000, 0x0000000711200000|  0%| F|  |TAMS 0x0000000711000000| PB 0x0000000711000000| Untracked 
| 117|0x0000000711200000, 0x0000000711200000, 0x0000000711400000|  0%| F|  |TAMS 0x0000000711200000| PB 0x0000000711200000| Untracked 
| 118|0x0000000711400000, 0x00000007114e47f0, 0x0000000711600000| 44%| E|  |TAMS 0x0000000711400000| PB 0x0000000711400000| Complete 
| 119|0x0000000711600000, 0x0000000711800000, 0x0000000711800000|100%| E|CS|TAMS 0x0000000711600000| PB 0x0000000711600000| Complete 
| 120|0x0000000711800000, 0x0000000711a00000, 0x0000000711a00000|100%| E|CS|TAMS 0x0000000711800000| PB 0x0000000711800000| Complete 
| 121|0x0000000711a00000, 0x0000000711c00000, 0x0000000711c00000|100%| E|CS|TAMS 0x0000000711a00000| PB 0x0000000711a00000| Complete 
| 122|0x0000000711c00000, 0x0000000711e00000, 0x0000000711e00000|100%| E|CS|TAMS 0x0000000711c00000| PB 0x0000000711c00000| Complete 
| 123|0x0000000711e00000, 0x0000000712000000, 0x0000000712000000|100%| E|CS|TAMS 0x0000000711e00000| PB 0x0000000711e00000| Complete 
| 124|0x0000000712000000, 0x0000000712200000, 0x0000000712200000|100%| E|CS|TAMS 0x0000000712000000| PB 0x0000000712000000| Complete 
| 125|0x0000000712200000, 0x0000000712400000, 0x0000000712400000|100%| E|CS|TAMS 0x0000000712200000| PB 0x0000000712200000| Complete 
| 126|0x0000000712400000, 0x0000000712600000, 0x0000000712600000|100%| E|CS|TAMS 0x0000000712400000| PB 0x0000000712400000| Complete 

Card table byte_map: [0x000001b5b11b0000,0x000001b5b19a0000] _byte_map_base: 0x000001b5ad99c000

Marking Bits: (CMBitMap*) 0x000001b59d7c5950
 Bits: [0x000001b5b19a0000, 0x000001b5b5900000)

Polling page: 0x000001b59b750000

Metaspace:

Usage:
  Non-class:     15.88 MB used.
      Class:      1.74 MB used.
       Both:     17.62 MB used.

Virtual space:
  Non-class space:       64.00 MB reserved,      16.00 MB ( 25%) committed,  1 nodes.
      Class space:        1.00 GB reserved,       1.88 MB ( <1%) committed,  1 nodes.
             Both:        1.06 GB reserved,      17.88 MB (  2%) committed. 

Chunk freelists:
   Non-Class:  15.89 MB
       Class:  14.17 MB
        Both:  30.06 MB

MaxMetaspaceSize: unlimited
CompressedClassSpaceSize: 1.00 GB
Initial GC threshold: 21.00 MB
Current GC threshold: 21.00 MB
CDS: off
 - commit_granule_bytes: 65536.
 - commit_granule_words: 8192.
 - virtual_space_node_default_size: 8388608.
 - enlarge_chunks_in_place: 1.
 - use_allocation_guard: 0.


Internal statistics:

num_allocs_failed_limit: 0.
num_arena_births: 242.
num_arena_deaths: 0.
num_vsnodes_births: 2.
num_vsnodes_deaths: 0.
num_space_committed: 286.
num_space_uncommitted: 0.
num_chunks_returned_to_freelist: 0.
num_chunks_taken_from_freelist: 431.
num_chunk_merges: 0.
num_chunk_splits: 243.
num_chunks_enlarged: 118.
num_inconsistent_stats: 0.

CodeHeap 'non-profiled nmethods': size=120000Kb used=370Kb max_used=370Kb free=119629Kb
 bounds [0x000001b5a9150000, 0x000001b5a93c0000, 0x000001b5b0680000]
CodeHeap 'profiled nmethods': size=120000Kb used=1867Kb max_used=1867Kb free=118132Kb
 bounds [0x000001b5a1680000, 0x000001b5a18f0000, 0x000001b5a8bb0000]
CodeHeap 'non-nmethods': size=5760Kb used=1428Kb max_used=1444Kb free=4331Kb
 bounds [0x000001b5a8bb0000, 0x000001b5a8e20000, 0x000001b5a9150000]
 total_blobs=1660 nmethods=1145 adapters=420
 compilation: enabled
              stopped_count=0, restarted_count=0
 full_count=0

Compilation events (20 events):
Event: 0.489 Thread 0x000001b5b855f3d0 1097       3       sun.security.ec.XECOperations::bitAt (23 bytes)
Event: 0.489 Thread 0x000001b5b855f3d0 nmethod 1097 0x000001b5a183b210 code [0x000001b5a183b3a0, 0x000001b5a183b538]
Event: 0.489 Thread 0x000001b5b855f3d0 1098       3       sun.security.util.math.intpoly.IntegerPolynomial25519::reduce (40 bytes)
Event: 0.490 Thread 0x000001b5b855f3d0 nmethod 1098 0x000001b5a183b690 code [0x000001b5a183b840, 0x000001b5a183bb40]
Event: 0.490 Thread 0x000001b5b855f3d0 1099       3       sun.security.util.math.intpoly.IntegerPolynomial25519::carryReduce (391 bytes)
Event: 0.490 Thread 0x000001b5bd3b6040 1100 %     4       sun.security.util.math.intpoly.IntegerPolynomial::multByInt @ 3 (30 bytes)
Event: 0.490 Thread 0x000001b5bd3ab560 1101       4       sun.security.util.math.intpoly.IntegerPolynomial$MutableElement::setProduct (58 bytes)
Event: 0.490 Thread 0x000001b5b855f3d0 nmethod 1099 0x000001b5a183bd10 code [0x000001b5a183bec0, 0x000001b5a183c320]
Event: 0.490 Thread 0x000001b5b855f3d0 1102       3       java.lang.invoke.MethodHandles$Lookup::<init> (84 bytes)
Event: 0.490 Thread 0x000001b5b855f3d0 nmethod 1102 0x000001b5a183c510 code [0x000001b5a183c6c0, 0x000001b5a183c918]
Event: 0.491 Thread 0x000001b5b855f3d0 1103       3       jdk.internal.misc.Unsafe::putIntUnaligned (79 bytes)
Event: 0.491 Thread 0x000001b5b855f3d0 nmethod 1103 0x000001b5a183ca10 code [0x000001b5a183cbe0, 0x000001b5a183cf88]
Event: 0.492 Thread 0x000001b5b855f3d0 1104       3       jdk.internal.misc.Unsafe::putIntUnaligned (14 bytes)
Event: 0.492 Thread 0x000001b5b855f3d0 nmethod 1104 0x000001b5a183d090 code [0x000001b5a183d240, 0x000001b5a183d488]
Event: 0.493 Thread 0x000001b5b855f3d0 1105       3       sun.security.provider.SHA2::implCompress0 (448 bytes)
Event: 0.494 Thread 0x000001b5b855f3d0 nmethod 1105 0x000001b5a183d590 code [0x000001b5a183d7e0, 0x000001b5a183e408]
Event: 0.494 Thread 0x000001b5bd3ab560 nmethod 1101 0x000001b5a91a9110 code [0x000001b5a91a9300, 0x000001b5a91a9878]
Event: 0.495 Thread 0x000001b5bd3b6040 nmethod 1100% 0x000001b5a91a9b90 code [0x000001b5a91a9d60, 0x000001b5a91aa230]
Event: 0.496 Thread 0x000001b5b855f3d0 1108       3       java.nio.ByteBuffer::arrayOffset (35 bytes)
Event: 0.496 Thread 0x000001b5b855f3d0 nmethod 1108 0x000001b5a183eb10 code [0x000001b5a183ece0, 0x000001b5a183efc0]

GC Heap History (0 events):
No events

Dll operation events (2 events):
Event: 0.005 Loaded shared library C:\Program Files\JetBrains\IntelliJ IDEA Community Edition 2024.2.3\jbr\bin\java.dll
Event: 0.009 Loaded shared library C:\Program Files\JetBrains\IntelliJ IDEA Community Edition 2024.2.3\jbr\bin\zip.dll

Deoptimization events (20 events):
Event: 0.489 Thread 0x000001b5bd37ba60 Uncommon trap: trap_request=0xffffff66 fr.pc=0x000001b5a91a51fc relative=0x000000000000031c
Event: 0.489 Thread 0x000001b5bd37ba60 Uncommon trap: reason=speculate_class_check action=maybe_recompile pc=0x000001b5a91a51fc method=sun.security.util.math.intpoly.IntegerPolynomial.multByInt([JJ)V @ 26 c2
Event: 0.489 Thread 0x000001b5bd37ba60 DEOPT PACKING pc=0x000001b5a91a51fc sp=0x00000086572fe4c0
Event: 0.489 Thread 0x000001b5bd37ba60 DEOPT UNPACKING pc=0x000001b5a8c046a2 sp=0x00000086572fe400 mode 2
Event: 0.489 Thread 0x000001b5bd37ba60 Uncommon trap: trap_request=0xffffffde fr.pc=0x000001b5a919f4c0 relative=0x0000000000000280
Event: 0.489 Thread 0x000001b5bd37ba60 Uncommon trap: reason=class_check action=maybe_recompile pc=0x000001b5a919f4c0 method=sun.security.util.math.intpoly.IntegerPolynomial.multByInt([JJ)V @ 26 c2
Event: 0.489 Thread 0x000001b5bd37ba60 DEOPT PACKING pc=0x000001b5a919f4c0 sp=0x00000086572fe430
Event: 0.490 Thread 0x000001b5bd37ba60 DEOPT UNPACKING pc=0x000001b5a8c046a2 sp=0x00000086572fe400 mode 2
Event: 0.490 Thread 0x000001b5bd37ba60 Uncommon trap: trap_request=0xffffffde fr.pc=0x000001b5a919f4c0 relative=0x0000000000000280
Event: 0.490 Thread 0x000001b5bd37ba60 Uncommon trap: reason=class_check action=maybe_recompile pc=0x000001b5a919f4c0 method=sun.security.util.math.intpoly.IntegerPolynomial.multByInt([JJ)V @ 26 c2
Event: 0.490 Thread 0x000001b5bd37ba60 DEOPT PACKING pc=0x000001b5a919f4c0 sp=0x00000086572fe430
Event: 0.490 Thread 0x000001b5bd37ba60 DEOPT UNPACKING pc=0x000001b5a8c046a2 sp=0x00000086572fe400 mode 2
Event: 0.490 Thread 0x000001b5bd37ba60 Uncommon trap: trap_request=0xffffffde fr.pc=0x000001b5a919f4c0 relative=0x0000000000000280
Event: 0.490 Thread 0x000001b5bd37ba60 Uncommon trap: reason=class_check action=maybe_recompile pc=0x000001b5a919f4c0 method=sun.security.util.math.intpoly.IntegerPolynomial.multByInt([JJ)V @ 26 c2
Event: 0.490 Thread 0x000001b5bd37ba60 DEOPT PACKING pc=0x000001b5a919f4c0 sp=0x00000086572fe430
Event: 0.490 Thread 0x000001b5bd37ba60 DEOPT UNPACKING pc=0x000001b5a8c046a2 sp=0x00000086572fe400 mode 2
Event: 0.490 Thread 0x000001b5bd37ba60 Uncommon trap: trap_request=0xffffffde fr.pc=0x000001b5a919f4c0 relative=0x0000000000000280
Event: 0.490 Thread 0x000001b5bd37ba60 Uncommon trap: reason=class_check action=maybe_recompile pc=0x000001b5a919f4c0 method=sun.security.util.math.intpoly.IntegerPolynomial.multByInt([JJ)V @ 26 c2
Event: 0.490 Thread 0x000001b5bd37ba60 DEOPT PACKING pc=0x000001b5a919f4c0 sp=0x00000086572fe430
Event: 0.490 Thread 0x000001b5bd37ba60 DEOPT UNPACKING pc=0x000001b5a8c046a2 sp=0x00000086572fe400 mode 2

Classes loaded (20 events):
Event: 0.495 Loading class javax/crypto/NullCipher
Event: 0.495 Loading class javax/crypto/NullCipher done
Event: 0.495 Loading class com/sun/crypto/provider/GaloisCounterMode$GCMDecrypt
Event: 0.495 Loading class com/sun/crypto/provider/GaloisCounterMode$GCMEngine
Event: 0.495 Loading class com/sun/crypto/provider/GaloisCounterMode$GCMEngine done
Event: 0.495 Loading class com/sun/crypto/provider/GaloisCounterMode$GCMDecrypt done
Event: 0.495 Loading class com/sun/crypto/provider/GCTR
Event: 0.495 Loading class com/sun/crypto/provider/GCM
Event: 0.495 Loading class com/sun/crypto/provider/GCM done
Event: 0.495 Loading class com/sun/crypto/provider/CounterMode
Event: 0.495 Loading class com/sun/crypto/provider/CounterMode done
Event: 0.495 Loading class com/sun/crypto/provider/GCTR done
Event: 0.495 Loading class com/sun/crypto/provider/GHASH
Event: 0.495 Loading class com/sun/crypto/provider/GHASH done
Event: 0.495 Loading class com/sun/crypto/provider/GaloisCounterMode$DecryptOp
Event: 0.496 Loading class com/sun/crypto/provider/GaloisCounterMode$GCMOperation
Event: 0.496 Loading class com/sun/crypto/provider/GaloisCounterMode$GCMOperation done
Event: 0.496 Loading class com/sun/crypto/provider/GaloisCounterMode$DecryptOp done
Event: 0.496 Loading class sun/security/ssl/EncryptedExtensions$EncryptedExtensionsMessage
Event: 0.496 Loading class sun/security/ssl/EncryptedExtensions$EncryptedExtensionsMessage done

Classes unloaded (0 events):
No events

Classes redefined (0 events):
No events

Internal exceptions (20 events):
Event: 0.278 Thread 0x000001b59b613d20 Exception <a 'java/lang/NoSuchMethodError'{0x0000000711ee7f58}: 'int java.lang.invoke.DirectMethodHandle$Holder.invokeStaticInit(java.lang.Object, int, int)'> (0x0000000711ee7f58) 
thrown [s\src\hotspot\share\interpreter\linkResolver.cpp, line 784]
Event: 0.279 Thread 0x000001b59b613d20 Exception <a 'java/lang/NoSuchMethodError'{0x0000000711eef8b8}: 'int java.lang.invoke.DirectMethodHandle$Holder.invokeStaticInit(java.lang.Object, long, long)'> (0x0000000711eef8b8) 
thrown [s\src\hotspot\share\interpreter\linkResolver.cpp, line 784]
Event: 0.280 Thread 0x000001b59b613d20 Exception <a 'java/lang/NoSuchMethodError'{0x0000000711ef6350}: 'int java.lang.invoke.DirectMethodHandle$Holder.invokeStaticInit(java.lang.Object, float, float)'> (0x0000000711ef6350) 
thrown [s\src\hotspot\share\interpreter\linkResolver.cpp, line 784]
Event: 0.280 Thread 0x000001b59b613d20 Exception <a 'java/lang/NoSuchMethodError'{0x0000000711efcde0}: 'int java.lang.invoke.DirectMethodHandle$Holder.invokeStaticInit(java.lang.Object, double, double)'> (0x0000000711efcde0) 
thrown [s\src\hotspot\share\interpreter\linkResolver.cpp, line 784]
Event: 0.280 Thread 0x000001b59b613d20 Exception <a 'java/lang/NoSuchMethodError'{0x0000000711f01590}: 'int java.lang.invoke.DirectMethodHandle$Holder.invokeStatic(java.lang.Object, long)'> (0x0000000711f01590) 
thrown [s\src\hotspot\share\interpreter\linkResolver.cpp, line 784]
Event: 0.284 Thread 0x000001b59b613d20 Exception <a 'java/lang/NoSuchMethodError'{0x0000000711f2e370}: 'java.lang.Object java.lang.invoke.DelegatingMethodHandle$Holder.delegate(java.lang.Object, int, java.lang.Object, java.lang.Object)'> (0x0000000711f2e370) 
thrown [s\src\hotspot\share\interpreter\linkResolver.cpp, line 784]
Event: 0.286 Thread 0x000001b59b613d20 Exception <a 'java/lang/NoSuchMethodError'{0x0000000711f3d690}: 'int java.lang.invoke.Invokers$Holder.linkToTargetMethod(java.lang.Object, java.lang.Object, java.lang.Object)'> (0x0000000711f3d690) 
thrown [s\src\hotspot\share\interpreter\linkResolver.cpp, line 784]
Event: 0.289 Thread 0x000001b59b613d20 Exception <a 'java/lang/NoSuchMethodError'{0x0000000711f6f8a0}: 'long java.lang.invoke.DirectMethodHandle$Holder.invokeSpecial(java.lang.Object, java.lang.Object)'> (0x0000000711f6f8a0) 
thrown [s\src\hotspot\share\interpreter\linkResolver.cpp, line 784]
Event: 0.290 Thread 0x000001b59b613d20 Exception <a 'java/lang/NoSuchMethodError'{0x0000000711f76170}: 'int java.lang.invoke.DirectMethodHandle$Holder.invokeStatic(java.lang.Object, java.lang.Object, java.lang.Object, java.lang.Object)'> (0x0000000711f76170) 
thrown [s\src\hotspot\share\interpreter\linkResolver.cpp, line 784]
Event: 0.290 Thread 0x000001b59b613d20 Exception <a 'java/lang/NoSuchMethodError'{0x0000000711f79590}: 'java.lang.Object java.lang.invoke.Invokers$Holder.invokeExact_MT(java.lang.Object, java.lang.Object, java.lang.Object, java.lang.Object, java.lang.Object, java.lang.Object)'> (0x0000000711f79590) 
thrown [s\src\hotspot\share\interpreter\linkResolver.cpp, line 784]
Event: 0.358 Thread 0x000001b59b613d20 Exception <a 'java/lang/NoSuchMethodError'{0x0000000711d8c080}: 'java.lang.Object java.lang.invoke.DirectMethodHandle$Holder.newInvokeSpecial(java.lang.Object, java.lang.Object, java.lang.Object, java.lang.Object, java.lang.Object)'> (0x0000000711d8c080) 
thrown [s\src\hotspot\share\interpreter\linkResolver.cpp, line 784]
Event: 0.379 Thread 0x000001b59b613d20 Exception <a 'java/lang/NoSuchMethodError'{0x0000000711b46498}: 'java.lang.Object java.lang.invoke.DirectMethodHandle$Holder.invokeSpecial(java.lang.Object, java.lang.Object, java.lang.Object, java.lang.Object, int)'> (0x0000000711b46498) 
thrown [s\src\hotspot\share\interpreter\linkResolver.cpp, line 784]
Event: 0.379 Thread 0x000001b59b613d20 Exception <a 'java/lang/NoSuchMethodError'{0x0000000711b49e00}: 'java.lang.Object java.lang.invoke.Invokers$Holder.linkToTargetMethod(java.lang.Object, java.lang.Object, int, java.lang.Object)'> (0x0000000711b49e00) 
thrown [s\src\hotspot\share\interpreter\linkResolver.cpp, line 784]
Event: 0.383 Thread 0x000001b59b613d20 Exception <a 'java/lang/NoSuchMethodError'{0x0000000711b78108}: 'void java.lang.invoke.DirectMethodHandle$Holder.invokeSpecial(java.lang.Object, java.lang.Object, java.lang.Object)'> (0x0000000711b78108) 
thrown [s\src\hotspot\share\interpreter\linkResolver.cpp, line 784]
Event: 0.393 Thread 0x000001b5bd33ed40 Exception <a 'java/lang/NoSuchMethodError'{0x0000000711de7668}: 'void java.lang.invoke.DirectMethodHandle$Holder.invokeStatic(java.lang.Object, java.lang.Object, int)'> (0x0000000711de7668) 
thrown [s\src\hotspot\share\interpreter\linkResolver.cpp, line 784]
Event: 0.393 Thread 0x000001b59b613d20 Exception <a 'java/lang/NoSuchMethodError'{0x0000000711bf9f10}: 'void java.lang.invoke.DirectMethodHandle$Holder.invokeSpecial(java.lang.Object, java.lang.Object, java.lang.Object, java.lang.Object, java.lang.Object)'> (0x0000000711bf9f10) 
thrown [s\src\hotspot\share\interpreter\linkResolver.cpp, line 784]
Event: 0.398 Thread 0x000001b5bd33ed40 Exception <a 'java/lang/NoSuchMethodError'{0x0000000711892b10}: 'void java.lang.invoke.DirectMethodHandle$Holder.invokeStatic(java.lang.Object, java.lang.Object)'> (0x0000000711892b10) 
thrown [s\src\hotspot\share\interpreter\linkResolver.cpp, line 784]
Event: 0.399 Thread 0x000001b5bd37ba60 Exception <a 'java/lang/NoSuchMethodError'{0x0000000711906100}: 'void java.lang.invoke.DirectMethodHandle$Holder.invokeInterface(java.lang.Object, java.lang.Object, java.lang.Object)'> (0x0000000711906100) 
thrown [s\src\hotspot\share\interpreter\linkResolver.cpp, line 784]
Event: 0.404 Thread 0x000001b5bd37ba60 Exception <a 'java/lang/NoSuchMethodError'{0x00000007119584f0}: 'void java.lang.invoke.DirectMethodHandle$Holder.invokeVirtual(java.lang.Object, java.lang.Object)'> (0x00000007119584f0) 
thrown [s\src\hotspot\share\interpreter\linkResolver.cpp, line 784]
Event: 0.485 Thread 0x000001b5bd37ba60 Exception <a 'java/lang/NoSuchMethodError'{0x0000000711730a88}: 'void java.lang.invoke.DirectMethodHandle$Holder.invokeInterface(java.lang.Object, java.lang.Object)'> (0x0000000711730a88) 
thrown [s\src\hotspot\share\interpreter\linkResolver.cpp, line 784]

ZGC Phase Switch (0 events):
No events

VM Operations (8 events):
Event: 0.086 Executing VM operation: HandshakeAllThreads (Deoptimize)
Event: 0.086 Executing VM operation: HandshakeAllThreads (Deoptimize) done
Event: 0.094 Executing VM operation: HandshakeAllThreads (Deoptimize)
Event: 0.094 Executing VM operation: HandshakeAllThreads (Deoptimize) done
Event: 0.223 Executing VM operation: HandshakeAllThreads (Deoptimize)
Event: 0.223 Executing VM operation: HandshakeAllThreads (Deoptimize) done
Event: 0.395 Executing VM operation: HandshakeAllThreads (Deoptimize)
Event: 0.395 Executing VM operation: HandshakeAllThreads (Deoptimize) done

Memory protections (0 events):
No events

Nmethod flushes (0 events):
No events

Events (20 events):
Event: 0.043 Thread 0x000001b59b613d20 Thread added: 0x000001b5b852c320
Event: 0.044 Thread 0x000001b59b613d20 Thread added: 0x000001b5b8558dc0
Event: 0.044 Thread 0x000001b59b613d20 Thread added: 0x000001b5b8559820
Event: 0.044 Thread 0x000001b59b613d20 Thread added: 0x000001b5b855a280
Event: 0.044 Thread 0x000001b59b613d20 Thread added: 0x000001b5b855ace0
Event: 0.044 Thread 0x000001b59b613d20 Thread added: 0x000001b5b855dbf0
Event: 0.044 Thread 0x000001b59b613d20 Thread added: 0x000001b5b855f3d0
Event: 0.065 Thread 0x000001b59b613d20 Thread added: 0x000001b5b86f8370
Event: 0.070 Thread 0x000001b59b613d20 Thread added: 0x000001b5b870d520
Event: 0.075 Loaded shared library C:\Program Files\JetBrains\IntelliJ IDEA Community Edition 2024.2.3\jbr\bin\net.dll
Event: 0.077 Loaded shared library C:\Program Files\JetBrains\IntelliJ IDEA Community Edition 2024.2.3\jbr\bin\nio.dll
Event: 0.083 Loaded shared library C:\Program Files\JetBrains\IntelliJ IDEA Community Edition 2024.2.3\jbr\bin\zip.dll
Event: 0.137 Loaded shared library C:\Program Files\JetBrains\IntelliJ IDEA Community Edition 2024.2.3\jbr\bin\jimage.dll
Event: 0.314 Loaded shared library C:\Program Files\JetBrains\IntelliJ IDEA Community Edition 2024.2.3\jbr\bin\sunmscapi.dll
Event: 0.349 Loaded shared library C:\Program Files\JetBrains\IntelliJ IDEA Community Edition 2024.2.3\jbr\bin\extnet.dll
Event: 0.354 Thread 0x000001b59b613d20 Thread added: 0x000001b5bd33ed40
Event: 0.398 Thread 0x000001b5bd33ed40 Thread added: 0x000001b5bd37ba60
Event: 0.409 Thread 0x000001b5bd33ed40 Thread added: 0x000001b5bd4363a0
Event: 0.440 Thread 0x000001b5b855f3d0 Thread added: 0x000001b5bd3ab560
Event: 0.441 Thread 0x000001b5b855f3d0 Thread added: 0x000001b5bd3b6040


Dynamic libraries:
0x00007ff691510000 - 0x00007ff69151a000 	C:\Program Files\JetBrains\IntelliJ IDEA Community Edition 2024.2.3\jbr\bin\java.exe
0x00007ffaaaf90000 - 0x00007ffaab188000 	C:\Windows\SYSTEM32\ntdll.dll
0x00007ffaa90c0000 - 0x00007ffaa9181000 	C:\Windows\System32\KERNEL32.DLL
0x00007ffaa8900000 - 0x00007ffaa8bfd000 	C:\Windows\System32\KERNELBASE.dll
0x00007ffaa8de0000 - 0x00007ffaa8ee0000 	C:\Windows\System32\ucrtbase.dll
0x00007ffaa3750000 - 0x00007ffaa376b000 	C:\Program Files\JetBrains\IntelliJ IDEA Community Edition 2024.2.3\jbr\bin\VCRUNTIME140.dll
0x00007ffa89190000 - 0x00007ffa891a8000 	C:\Program Files\JetBrains\IntelliJ IDEA Community Edition 2024.2.3\jbr\bin\jli.dll
0x00007ffaa96d0000 - 0x00007ffaa986d000 	C:\Windows\System32\USER32.dll
0x00007ffaa8d60000 - 0x00007ffaa8d82000 	C:\Windows\System32\win32u.dll
0x00007ffa90ec0000 - 0x00007ffa9115a000 	C:\Windows\WinSxS\amd64_microsoft.windows.common-controls_6595b64144ccf1df_6.0.19041.4355_none_60b8b9eb71f62e16\COMCTL32.dll
0x00007ffaa96a0000 - 0x00007ffaa96cb000 	C:\Windows\System32\GDI32.dll
0x00007ffaa9020000 - 0x00007ffaa90be000 	C:\Windows\System32\msvcrt.dll
0x00007ffaa8640000 - 0x00007ffaa8757000 	C:\Windows\System32\gdi32full.dll
0x00007ffaa87d0000 - 0x00007ffaa886d000 	C:\Windows\System32\msvcp_win.dll
0x00007ffaaa850000 - 0x00007ffaaa87f000 	C:\Windows\System32\IMM32.DLL
0x00007ffaa3740000 - 0x00007ffaa374c000 	C:\Program Files\JetBrains\IntelliJ IDEA Community Edition 2024.2.3\jbr\bin\vcruntime140_1.dll
0x00007ffa58160000 - 0x00007ffa581ed000 	C:\Program Files\JetBrains\IntelliJ IDEA Community Edition 2024.2.3\jbr\bin\msvcp140.dll
0x00007ffa04840000 - 0x00007ffa055f7000 	C:\Program Files\JetBrains\IntelliJ IDEA Community Edition 2024.2.3\jbr\bin\server\jvm.dll
0x00007ffaa9870000 - 0x00007ffaa9920000 	C:\Windows\System32\ADVAPI32.dll
0x00007ffaaa340000 - 0x00007ffaaa3e0000 	C:\Windows\System32\sechost.dll
0x00007ffaaad30000 - 0x00007ffaaae53000 	C:\Windows\System32\RPCRT4.dll
0x00007ffaa8f90000 - 0x00007ffaa8fb7000 	C:\Windows\System32\bcrypt.dll
0x00007ffaa9920000 - 0x00007ffaa998b000 	C:\Windows\System32\WS2_32.dll
0x00007ffaa7b90000 - 0x00007ffaa7bdb000 	C:\Windows\SYSTEM32\POWRPROF.dll
0x00007ffa9f4f0000 - 0x00007ffa9f4fa000 	C:\Windows\SYSTEM32\VERSION.dll
0x00007ffa96f40000 - 0x00007ffa96f67000 	C:\Windows\SYSTEM32\WINMM.dll
0x00007ffaa7a00000 - 0x00007ffaa7a12000 	C:\Windows\SYSTEM32\UMPDC.dll
0x00007ffaa6e20000 - 0x00007ffaa6e32000 	C:\Windows\SYSTEM32\kernel.appcore.dll
0x00007ffaa3730000 - 0x00007ffaa373a000 	C:\Program Files\JetBrains\IntelliJ IDEA Community Edition 2024.2.3\jbr\bin\jimage.dll
0x00007ffaa61a0000 - 0x00007ffaa6384000 	C:\Windows\SYSTEM32\DBGHELP.DLL
0x00007ffa9e540000 - 0x00007ffa9e574000 	C:\Windows\SYSTEM32\dbgcore.DLL
0x00007ffaa8870000 - 0x00007ffaa88f2000 	C:\Windows\System32\bcryptPrimitives.dll
0x00007ffaa3370000 - 0x00007ffaa338f000 	C:\Program Files\JetBrains\IntelliJ IDEA Community Edition 2024.2.3\jbr\bin\java.dll
0x00007ffaa3310000 - 0x00007ffaa3328000 	C:\Program Files\JetBrains\IntelliJ IDEA Community Edition 2024.2.3\jbr\bin\zip.dll
0x00007ffaa9a40000 - 0x00007ffaaa1af000 	C:\Windows\System32\SHELL32.dll
0x00007ffaa6660000 - 0x00007ffaa6e03000 	C:\Windows\SYSTEM32\windows.storage.dll
0x00007ffaa9210000 - 0x00007ffaa9563000 	C:\Windows\System32\combase.dll
0x00007ffaa7f90000 - 0x00007ffaa7fbe000 	C:\Windows\SYSTEM32\Wldp.dll
0x00007ffaaab70000 - 0x00007ffaaac3d000 	C:\Windows\System32\OLEAUT32.dll
0x00007ffaaa270000 - 0x00007ffaaa31d000 	C:\Windows\System32\SHCORE.dll
0x00007ffaaa1b0000 - 0x00007ffaaa205000 	C:\Windows\System32\shlwapi.dll
0x00007ffaa8570000 - 0x00007ffaa8594000 	C:\Windows\SYSTEM32\profapi.dll
0x00007ffaa3570000 - 0x00007ffaa3580000 	C:\Program Files\JetBrains\IntelliJ IDEA Community Edition 2024.2.3\jbr\bin\net.dll
0x00007ffaa0150000 - 0x00007ffaa025d000 	C:\Windows\SYSTEM32\WINHTTP.dll
0x00007ffaa7d70000 - 0x00007ffaa7dda000 	C:\Windows\system32\mswsock.dll
0x00007ffa9ff30000 - 0x00007ffa9ff46000 	C:\Program Files\JetBrains\IntelliJ IDEA Community Edition 2024.2.3\jbr\bin\nio.dll
0x00007ffaa7fd0000 - 0x00007ffaa7fe8000 	C:\Windows\SYSTEM32\CRYPTSP.dll
0x00007ffaa7640000 - 0x00007ffaa7674000 	C:\Windows\system32\rsaenh.dll
0x00007ffaa84f0000 - 0x00007ffaa851e000 	C:\Windows\SYSTEM32\USERENV.dll
0x00007ffaa7f00000 - 0x00007ffaa7f0c000 	C:\Windows\SYSTEM32\CRYPTBASE.dll
0x00007ffaa7a20000 - 0x00007ffaa7a5b000 	C:\Windows\SYSTEM32\IPHLPAPI.DLL
0x00007ffaaa880000 - 0x00007ffaaa888000 	C:\Windows\System32\NSI.dll
0x00007ffaa3090000 - 0x00007ffaa309e000 	C:\Program Files\JetBrains\IntelliJ IDEA Community Edition 2024.2.3\jbr\bin\sunmscapi.dll
0x00007ffaa8c00000 - 0x00007ffaa8d5c000 	C:\Windows\System32\CRYPT32.dll
0x00007ffaa80e0000 - 0x00007ffaa8109000 	C:\Windows\SYSTEM32\ncrypt.dll
0x00007ffaa80a0000 - 0x00007ffaa80db000 	C:\Windows\SYSTEM32\NTASN1.dll
0x00007ffaa30c0000 - 0x00007ffaa30c7000 	C:\Windows\system32\wshunix.dll
0x00007ffa9d780000 - 0x00007ffa9d789000 	C:\Program Files\JetBrains\IntelliJ IDEA Community Edition 2024.2.3\jbr\bin\extnet.dll

dbghelp: loaded successfully - version: 4.0.5 - missing functions: none
symbol engine: initialized successfully - sym options: 0x614 - pdb path: .;C:\Program Files\JetBrains\IntelliJ IDEA Community Edition 2024.2.3\jbr\bin;C:\Windows\SYSTEM32;C:\Windows\WinSxS\amd64_microsoft.windows.common-controls_6595b64144ccf1df_6.0.19041.4355_none_60b8b9eb71f62e16;C:\Program Files\JetBrains\IntelliJ IDEA Community Edition 2024.2.3\jbr\bin\server

VM Arguments:
java_command: git4idea.http.GitAskPassApp Username for 'https://github.com': 
java_class_path (initial): C:/Program Files/JetBrains/IntelliJ IDEA Community Edition 2024.2.3/plugins/vcs-git/lib/git4idea-rt.jar;C:/Program Files/JetBrains/IntelliJ IDEA Community Edition 2024.2.3/lib/externalProcess-rt.jar
Launcher Type: SUN_STANDARD

[Global flags]
     intx CICompilerCount                          = 4                                         {product} {ergonomic}
     uint ConcGCThreads                            = 2                                         {product} {ergonomic}
     uint G1ConcRefinementThreads                  = 8                                         {product} {ergonomic}
   size_t G1HeapRegionSize                         = 2097152                                   {product} {ergonomic}
    uintx GCDrainStackTargetSize                   = 64                                        {product} {ergonomic}
   size_t InitialHeapSize                          = 266338304                                 {product} {ergonomic}
   size_t MarkStackSize                            = 4194304                                   {product} {ergonomic}
   size_t MaxHeapSize                              = 4253024256                                {product} {ergonomic}
   size_t MaxNewSize                               = 2550136832                                {product} {ergonomic}
   size_t MinHeapDeltaBytes                        = 2097152                                   {product} {ergonomic}
   size_t MinHeapSize                              = 8388608                                   {product} {ergonomic}
    uintx NonNMethodCodeHeapSize                   = 5839372                                {pd product} {ergonomic}
    uintx NonProfiledCodeHeapSize                  = 122909434                              {pd product} {ergonomic}
    uintx ProfiledCodeHeapSize                     = 122909434                              {pd product} {ergonomic}
    uintx ReservedCodeCacheSize                    = 251658240                              {pd product} {ergonomic}
     bool SegmentedCodeCache                       = true                                      {product} {ergonomic}
   size_t SoftMaxHeapSize                          = 4253024256                             {manageable} {ergonomic}
     bool UseCompressedOops                        = true                           {product lp64_product} {ergonomic}
     bool UseG1GC                                  = true                                      {product} {ergonomic}
     bool UseLargePagesIndividualAllocation        = false                                  {pd product} {ergonomic}

Logging:
Log output configuration:
 #0: stdout all=warning uptime,level,tags foldmultilines=false
 #1: stderr all=off uptime,level,tags foldmultilines=false

Environment Variables:
JAVA_HOME=C:\Users\cocoo\.jabba\jdk\openjdk@1.17.0
PATH=C:/Program Files/Git/mingw64/libexec/git-core;C:/Program Files/Git/mingw64/libexec/git-core;C:\Program Files\Git\mingw64\bin;C:\Program Files\Git\usr\bin;C:\Users\cocoo\bin;C:\Program Files\Common Files\Oracle\Java\javapath;C:\Python312\Scripts;C:\Python312;C:\Program Files (x86)\Common Files\Intel\Shared Libraries\redist\intel64\compiler;C:\Windows\system32;C:\Windows;C:\Windows\System32\Wbem;C:\Windows\System32\WindowsPowerShell\v1.0\;C:\Windows\System32\OpenSSH\;C:\Program Files\NVIDIA Corporation\NVIDIA NvDLISR;C:\Program Files (x86)\NVIDIA Corporation\PhysX\Common;C:\Program Files\nodejs\;C:\ProgramData\chocolatey\bin;C:\Program Files\Git\cmd;C:\Users\cocoo\.jabba\jdk\openjdk@1.17.0\bin;C:\apache-maven-3.9.6-bin\apache-maven-3.9.6\bin;C:\Program Files\MySQL\MySQL Server 8.3\bin;C:\xampp\php;C:\Program Files (x86)\Microsoft SQL Server\160\DTS\Binn\;C:\composer;C:\Program Files (x86)\Microsoft SQL Server\160\Tools\Binn\;C:\Program Files\Microsoft SQL Server\160\Tools\Binn\;C:\Program Files\Microsoft SQL Server\Client SDK\ODBC\170\Tools\Binn\;C:\Program Files\Microsoft SQL Server\160\DTS\Binn\;C:\ffmpeg-master-latest-win64-gpl\bin\;C:\Users\cocoo\.console-ninja\.bin;C:\Users\cocoo\AppData\Local\Microsoft\WindowsApps;C:\Users\cocoo\AppData\Local\Programs\Microsoft VS Code\bin;C:\Users\cocoo\AppData\Roaming\npm;C:\Users\cocoo\AppData\Local\GitHubDesktop\bin;C:\Users\cocoo\.jabba\jdk\openjdk@1.17.0\bin;C:\Python312;C:\Python312\Scripts;C:\Users\cocoo\AppData\Roaming\Composer\vendor\bin
USERNAME=cocoo
DISPLAY=:0.0
LC_ALL=en_US.UTF-8
TERM=xterm-256color
TMPDIR=C:\Users\cocoo\AppData\Local\Temp
OS=Windows_NT
PROCESSOR_IDENTIFIER=Intel64 Family 6 Model 165 Stepping 2, GenuineIntel
TMP=C:\Users\cocoo\AppData\Local\Temp
TEMP=C:\Users\cocoo\AppData\Local\Temp




Periodic native trim disabled

JNI global refs:
JNI global refs: 20, weak refs: 0

JNI global refs memory usage: 835, weak refs: 833

Process memory usage:
Resident Set Size: 82900K (0% of 16610312K total physical memory with 854900K free physical memory)

OOME stack traces (most recent first):
Classloader memory used:
